{
  "RSpec": {
    "coverage": {
      "/Users/danielphillips/turing/3module/sales_engine/rails_engine/config/environment.rb": [
        null,
        1,
        null,
        null,
        1
      ],
      "/Users/danielphillips/turing/3module/sales_engine/rails_engine/config/application.rb": [
        1,
        null,
        1,
        null,
        1,
        1,
        1,
        1,
        1,
        1,
        1,
        null,
        1,
        null,
        null,
        null,
        1,
        null,
        1,
        1,
        null,
        1,
        null,
        null,
        null,
        null,
        null,
        null,
        null,
        null,
        1,
        null,
        null
      ],
      "/Users/danielphillips/turing/3module/sales_engine/rails_engine/config/boot.rb": [
        1,
        null,
        1
      ],
      "/Users/danielphillips/turing/3module/sales_engine/rails_engine/config/environments/test.rb": [
        1,
        null,
        null,
        null,
        null,
        null,
        null,
        1,
        null,
        null,
        null,
        null,
        1,
        null,
        null,
        1,
        1,
        null,
        null,
        null,
        null,
        1,
        1,
        null,
        null,
        1,
        null,
        null,
        1,
        1,
        null,
        null,
        null,
        null,
        1,
        null,
        null,
        1,
        null,
        null,
        null,
        null
      ],
      "/Users/danielphillips/turing/3module/sales_engine/rails_engine/config/initializers/application_controller_renderer.rb": [
        null,
        null,
        null,
        null,
        null,
        null,
        null,
        null
      ],
      "/Users/danielphillips/turing/3module/sales_engine/rails_engine/config/initializers/backtrace_silencers.rb": [
        null,
        null,
        null,
        null,
        null,
        null,
        null
      ],
      "/Users/danielphillips/turing/3module/sales_engine/rails_engine/config/initializers/cors.rb": [
        null,
        null,
        null,
        null,
        null,
        null,
        null,
        null,
        null,
        null,
        null,
        null,
        null,
        null,
        null,
        null
      ],
      "/Users/danielphillips/turing/3module/sales_engine/rails_engine/config/initializers/filter_parameter_logging.rb": [
        null,
        null,
        null,
        1
      ],
      "/Users/danielphillips/turing/3module/sales_engine/rails_engine/config/initializers/inflections.rb": [
        null,
        null,
        null,
        null,
        null,
        null,
        null,
        null,
        null,
        null,
        null,
        null,
        null,
        null,
        null,
        null
      ],
      "/Users/danielphillips/turing/3module/sales_engine/rails_engine/config/initializers/mime_types.rb": [
        null,
        null,
        null,
        null
      ],
      "/Users/danielphillips/turing/3module/sales_engine/rails_engine/config/initializers/wrap_parameters.rb": [
        null,
        null,
        null,
        null,
        null,
        null,
        1,
        2,
        null,
        null,
        null,
        null,
        null,
        null
      ],
      "/Users/danielphillips/turing/3module/sales_engine/rails_engine/config/routes.rb": [
        1,
        null,
        null,
        1,
        1,
        1,
        1,
        1,
        1,
        1,
        1,
        1,
        null,
        null,
        1,
        1,
        1,
        1,
        1,
        1,
        null,
        null,
        1,
        1,
        1,
        1,
        null,
        null,
        1,
        1,
        1,
        1,
        null,
        null,
        1,
        1,
        1,
        1,
        1,
        null,
        null,
        null,
        1,
        1,
        1,
        1,
        null,
        null,
        1,
        1,
        1,
        1,
        1,
        null,
        null,
        1,
        1,
        1,
        null,
        null,
        1,
        1,
        null,
        null,
        1,
        1,
        1,
        null,
        null,
        null,
        1,
        1,
        1,
        1,
        1,
        1,
        null,
        null,
        null,
        1,
        1,
        1,
        null,
        null,
        null,
        null,
        null
      ],
      "/Users/danielphillips/turing/3module/sales_engine/rails_engine/app/models/customer.rb": [
        1,
        1,
        1,
        null,
        null,
        1,
        null,

        null,
        null,
        null,
        null,
        null,
        1,
        null,
        null,
        null,
        null,
        null,
        n
        null
      ],
      "/Users/danielphillips/turing/3module/sales_engine/rails_engine/app/models/application_record.rb": [
        1,
        1,
        null,
        null,
        null,
        null,
        null
      ],
      "/Users/danielphillips/turing/3module/sales_engine/rails_engine/app/models/invoice_item.rb": [
        1,
        1,
        1,
        null,
        null,
        1,
        1,
        1,
        null,
        null,
        1,
        1,
        1,
        null,
        null,
        null
      ],
      "/Users/danielphillips/turing/3module/sales_engine/rails_engine/app/models/invoice.rb": [
        1,
        1,
        1,
        1,
        1,
        1,
        null,
        1,
        0,
        null,
        null
      ],
      "/Users/danielphillips/turing/3module/sales_engine/rails_engine/app/models/item.rb": [
        1,
        1,
        1,
        1,
        null,
        null,
        null,
        1,
        1,
        1,
        null,
        null,
        1,
        1,
        1,
        null,
        null,
        1,
        111,
        null,
        null,
        1,
        null,
        null,
        null,
        null,
        null,
        0,
        null,
        null,
        null
      ],
      "/Users/danielphillips/turing/3module/sales_engine/rails_engine/app/models/transaction.rb": [
        1,
        1,
        null,
        1,
        null,
        null
      ],
      "/Users/danielphillips/turing/3module/sales_engine/rails_engine/app/controllers/api/v1/customers/search_controller.rb": [
        null,
        1,
        null,
        1,
        4,
        null,
        null,
        1,
        5,
        null,
        null,
        1,
        0,
        null,
        null,
        1,
        null,
        1,
        9,
        null,
        null
      ],
      "/Users/danielphillips/turing/3module/sales_engine/rails_engine/app/controllers/application_controller.rb": [
        1,
        null,
        1,
        0,
        null,
        null,
        1,
        0,
        0,
        null,
        null,
        1,
        0,
        0,
        null,
        null,
        null
      ],
      "/Users/danielphillips/turing/3module/sales_engine/rails_engine/app/serializers/customer_serializer.rb": [
        1,
        1,
        null
      ],
      "/Users/danielphillips/turing/3module/sales_engine/rails_engine/app/models/merchant.rb": [
        1,
        1,
        1,
        1,
        null,
        null,
        1,
        null,
        null,
        null,
        null,
        0,
        null,
        null,
        1,
        null,
        null,
        null,
        null,
        0,
        null,
        null,
        1,
        null,
        null,
        null,
        0,
        null,
        null,
        1,
        null,
        null,
        null,
        0,
        null,
        null,
        1,
        null,
        null,
        null,
        null,
        0,
        null,
        null,
        1,
        null,
        null,
        0,
        null,
        null,
        null,
        null
      ],
      "/Users/danielphillips/turing/3module/sales_engine/rails_engine/app/controllers/api/v1/invoice_items/invoice_controller.rb": [
        null,
        1,
        null,
        1,
        2,
        2,
        null,
        null,
        null
      ],
      "/Users/danielphillips/turing/3module/sales_engine/rails_engine/app/serializers/invoice_serializer.rb": [
        1,
        1,
        null,
        null
      ],
      "/Users/danielphillips/turing/3module/sales_engine/rails_engine/app/controllers/api/v1/invoice_items/item_controller.rb": [
        null,
        1,
        null,
        1,
        2,
        2,
        null,
        null,
        null
      ],
      "/Users/danielphillips/turing/3module/sales_engine/rails_engine/app/serializers/item_serializer.rb": [
        1,
        1,
        null,
        1,
        25,
        null,
        null,
        null
      ],
      "/Users/danielphillips/turing/3module/sales_engine/rails_engine/app/controllers/api/v1/customers_controller.rb": [
        null,
        1,
        null,
        1,
        1,
        null,
        null,
        1,
        1,
        null,
        null,
        null
      ],
      "/Users/danielphillips/turing/3module/sales_engine/rails_engine/app/controllers/api/v1/invoice_items/search_controller.rb": [
        null,
        1,
        null,
        1,
        6,
        1,
        null,
        5,
        null,
        null,
        null,
        1,
        6,
        1,
        null,
        5,
        null,
        null,
        null,
        1,
        null,
        1,
        24,
        null,
        null,
        null,
        null
      ],
      "/Users/danielphillips/turing/3module/sales_engine/rails_engine/app/serializers/invoice_item_serializer.rb": [
        1,
        1,
        null,
        null,
        null,
        1,
        23,
        null,
        null,
        null
      ],
      "/Users/danielphillips/turing/3module/sales_engine/rails_engine/app/controllers/api/v1/invoice_items_controller.rb": [
        null,
        1,
        null,
        1,
        1,
        null,
        null,
        1,
        1,
        null,
        null,
        null
      ],
      "/Users/danielphillips/turing/3module/sales_engine/rails_engine/app/controllers/api/v1/invoices/search_controller.rb": [
        1,
        null,
        1,
        4,
        null,
        null,
        1,
        0,
        null,
        null,
        1,
        null,
        1,
        4,
        null,
        null,
        null
      ],
      "/Users/danielphillips/turing/3module/sales_engine/rails_engine/app/controllers/api/v1/invoices_controller.rb": [
        1,
        1,
        1,
        null,
        1,
        1,
        null,
        null,
        1,
        1,
        null,
        null,
        null,
        null,
        null
      ],
      "/Users/danielphillips/turing/3module/sales_engine/rails_engine/app/controllers/api/v1/items/search_controller.rb": [
        null,
        1,
        null,
        1,
        7,
        1,
        null,
        6,
        null,
        null,
        null,
        1,
        5,
        1,
        null,
        4,
        null,
        null,
        null,
        1,
        null,
        1,
        24,
        null,
        null,
        null
      ],
      "/Users/danielphillips/turing/3module/sales_engine/rails_engine/app/controllers/api/v1/items/invoice_item_controller.rb": [
        1,
        null,
        1,
        1,
        1,
        null,
        null,
        null
      ],
      "/Users/danielphillips/turing/3module/sales_engine/rails_engine/app/controllers/api/v1/items/merchant_controller.rb": [
        1,
        null,
        1,
        1,
        1,
        null,
        null,
        null
      ],
      "/Users/danielphillips/turing/3module/sales_engine/rails_engine/app/serializers/merchant_serializer.rb": [
        1,
        1,
        null
      ],
      "/Users/danielphillips/turing/3module/sales_engine/rails_engine/app/controllers/api/v1/items_controller.rb": [
        null,
        1,
        null,
        1,
        1,
        null,
        null,
        1,
        1,
        null,
        null,
        null
      ],
      "/Users/danielphillips/turing/3module/sales_engine/rails_engine/app/controllers/api/v1/merchants/invoices_controller.rb": [
        1,
        null,
        1,
        1,
        1,
        null,
        null,
        null,
        null
      ],
      "/Users/danielphillips/turing/3module/sales_engine/rails_engine/app/controllers/api/v1/merchants/search_controller.rb": [
        null,
        1,
        null,
        1,
        3,
        null,
        null,
        1,
        4,
        null,
        null,
        1,
        0,
        null,
        null,
        null,
        1,
        null,
        1,
        7,
        null,
        null
      ],
      "/Users/danielphillips/turing/3module/sales_engine/rails_engine/app/controllers/api/v1/merchants/items_controller.rb": [
        1,
        null,
        1,
        1,
        1,
        null,
        null,
        null
      ],
      "/Users/danielphillips/turing/3module/sales_engine/rails_engine/app/controllers/api/v1/merchants_controller.rb": [
        null,
        1,
        null,
        1,
        1,
        null,
        null,
        1,
        1,
        null,
        null
      ],
      "/Users/danielphillips/turing/3module/sales_engine/rails_engine/app/controllers/api/v1/transactions/search_controller.rb": [
        null,
        1,
        null,
        1,
        4,
        null,
        null,
        1,
        6,
        null,
        null,
        1,
        0,
        null,
        null,
        1,
        null,
        1,
        10,
        null,
        null,
        null
      ],
      "/Users/danielphillips/turing/3module/sales_engine/rails_engine/app/serializers/transaction_serializer.rb": [
        1,
        1,
        null
      ],
      "/Users/danielphillips/turing/3module/sales_engine/rails_engine/app/controllers/api/v1/transactions/invoice_controller.rb": [
        null,
        1,
        null,
        1,
        1,
        1,
        null,
        null,
        null
      ],
      "/Users/danielphillips/turing/3module/sales_engine/rails_engine/app/controllers/api/v1/transactions_controller.rb": [
        null,
        1,
        null,
        1,
        1,
        null,
        null,
        1,
        1,
        null,
        null
      ]
    },

  }
}
